Info: Starting: Create block symbol file (.bsf)
Info: qsys-generate "C:\Users\rama_\OneDrive\Documents\Dossier RAMA\Polytech Clermont-Ferrand\GE5A\Semestre 9\ESN11\lab1\lab1.qsys" --block-symbol-file --output-directory="C:\Users\rama_\OneDrive\Documents\Dossier RAMA\Polytech Clermont-Ferrand\GE5A\Semestre 9\ESN11\lab1\lab1" --family="MAX 10" --part=10M50DAF484C7G
Progress: Loading lab1/lab1.qsys
Progress: Reading input file
Progress: Adding Buttons [altera_avalon_pio 18.1]
Progress: Parameterizing module Buttons
Progress: Adding LED [altera_avalon_pio 18.1]
Progress: Parameterizing module LED
Progress: Adding RAM0 [altera_avalon_onchip_memory2 18.1]
Progress: Parameterizing module RAM0
Progress: Adding Switch [altera_avalon_pio 18.1]
Progress: Parameterizing module Switch
Progress: Adding clk_0 [clock_source 18.1]
Progress: Parameterizing module clk_0
Progress: Adding jtag_uart_0 [altera_avalon_jtag_uart 18.1]
Progress: Parameterizing module jtag_uart_0
Progress: Adding nios2_gen2_0 [altera_nios2_gen2 18.1]
Progress: Parameterizing module nios2_gen2_0
Progress: Building connections
Progress: Parameterizing connections
Progress: Validating
Progress: Done reading input file
Info: lab1.Buttons: PIO inputs are not hardwired in test bench. Undefined values will be read from PIO inputs during simulation.
Info: lab1.Switch: PIO inputs are not hardwired in test bench. Undefined values will be read from PIO inputs during simulation.
Info: lab1.jtag_uart_0: JTAG UART IP input clock need to be at least double (2x) the operating frequency of JTAG TCK on board
Info: qsys-generate succeeded.
Info: Finished: Create block symbol file (.bsf)
Info: 
Info: Starting: Create HDL design files for synthesis
Info: qsys-generate "C:\Users\rama_\OneDrive\Documents\Dossier RAMA\Polytech Clermont-Ferrand\GE5A\Semestre 9\ESN11\lab1\lab1.qsys" --synthesis=VHDL --output-directory="C:\Users\rama_\OneDrive\Documents\Dossier RAMA\Polytech Clermont-Ferrand\GE5A\Semestre 9\ESN11\lab1\lab1\synthesis" --family="MAX 10" --part=10M50DAF484C7G
Progress: Loading lab1/lab1.qsys
Progress: Reading input file
Progress: Adding Buttons [altera_avalon_pio 18.1]
Progress: Parameterizing module Buttons
Progress: Adding LED [altera_avalon_pio 18.1]
Progress: Parameterizing module LED
Progress: Adding RAM0 [altera_avalon_onchip_memory2 18.1]
Progress: Parameterizing module RAM0
Progress: Adding Switch [altera_avalon_pio 18.1]
Progress: Parameterizing module Switch
Progress: Adding clk_0 [clock_source 18.1]
Progress: Parameterizing module clk_0
Progress: Adding jtag_uart_0 [altera_avalon_jtag_uart 18.1]
Progress: Parameterizing module jtag_uart_0
Progress: Adding nios2_gen2_0 [altera_nios2_gen2 18.1]
Progress: Parameterizing module nios2_gen2_0
Progress: Building connections
Progress: Parameterizing connections
Progress: Validating
Progress: Done reading input file
Info: lab1.Buttons: PIO inputs are not hardwired in test bench. Undefined values will be read from PIO inputs during simulation.
Info: lab1.Switch: PIO inputs are not hardwired in test bench. Undefined values will be read from PIO inputs during simulation.
Info: lab1.jtag_uart_0: JTAG UART IP input clock need to be at least double (2x) the operating frequency of JTAG TCK on board
Info: lab1: Generating lab1 "lab1" for QUARTUS_SYNTH
Info: Buttons: Starting RTL generation for module 'lab1_Buttons'
Info: Buttons:   Generation command is [exec C:/intelfpga_lite/18.1/quartus/bin64/perl/bin/perl.exe -I C:/intelfpga_lite/18.1/quartus/bin64/perl/lib -I C:/intelfpga_lite/18.1/quartus/sopc_builder/bin/europa -I C:/intelfpga_lite/18.1/quartus/sopc_builder/bin/perl_lib -I C:/intelfpga_lite/18.1/quartus/sopc_builder/bin -I C:/intelfpga_lite/18.1/quartus/../ip/altera/sopc_builder_ip/common -I C:/intelfpga_lite/18.1/quartus/../ip/altera/sopc_builder_ip/altera_avalon_pio -- C:/intelfpga_lite/18.1/quartus/../ip/altera/sopc_builder_ip/altera_avalon_pio/generate_rtl.pl --name=lab1_Buttons --dir=C:/Users/rama_/AppData/Local/Temp/alt9745_4383227040093410067.dir/0029_Buttons_gen/ --quartus_dir=C:/intelfpga_lite/18.1/quartus --verilog --config=C:/Users/rama_/AppData/Local/Temp/alt9745_4383227040093410067.dir/0029_Buttons_gen//lab1_Buttons_component_configuration.pl  --do_build_sim=0  ]
Info: Buttons: Done RTL generation for module 'lab1_Buttons'
Info: Buttons: "lab1" instantiated altera_avalon_pio "Buttons"
Info: LED: Starting RTL generation for module 'lab1_LED'
Info: LED:   Generation command is [exec C:/intelfpga_lite/18.1/quartus/bin64/perl/bin/perl.exe -I C:/intelfpga_lite/18.1/quartus/bin64/perl/lib -I C:/intelfpga_lite/18.1/quartus/sopc_builder/bin/europa -I C:/intelfpga_lite/18.1/quartus/sopc_builder/bin/perl_lib -I C:/intelfpga_lite/18.1/quartus/sopc_builder/bin -I C:/intelfpga_lite/18.1/quartus/../ip/altera/sopc_builder_ip/common -I C:/intelfpga_lite/18.1/quartus/../ip/altera/sopc_builder_ip/altera_avalon_pio -- C:/intelfpga_lite/18.1/quartus/../ip/altera/sopc_builder_ip/altera_avalon_pio/generate_rtl.pl --name=lab1_LED --dir=C:/Users/rama_/AppData/Local/Temp/alt9745_4383227040093410067.dir/0030_LED_gen/ --quartus_dir=C:/intelfpga_lite/18.1/quartus --verilog --config=C:/Users/rama_/AppData/Local/Temp/alt9745_4383227040093410067.dir/0030_LED_gen//lab1_LED_component_configuration.pl  --do_build_sim=0  ]
Info: LED: Done RTL generation for module 'lab1_LED'
Info: LED: "lab1" instantiated altera_avalon_pio "LED"
Info: RAM0: Starting RTL generation for module 'lab1_RAM0'
Info: RAM0:   Generation command is [exec C:/intelfpga_lite/18.1/quartus/bin64/perl/bin/perl.exe -I C:/intelfpga_lite/18.1/quartus/bin64/perl/lib -I C:/intelfpga_lite/18.1/quartus/sopc_builder/bin/europa -I C:/intelfpga_lite/18.1/quartus/sopc_builder/bin/perl_lib -I C:/intelfpga_lite/18.1/quartus/sopc_builder/bin -I C:/intelfpga_lite/18.1/quartus/../ip/altera/sopc_builder_ip/common -I C:/intelfpga_lite/18.1/quartus/../ip/altera/sopc_builder_ip/altera_avalon_onchip_memory2 -- C:/intelfpga_lite/18.1/quartus/../ip/altera/sopc_builder_ip/altera_avalon_onchip_memory2/generate_rtl.pl --name=lab1_RAM0 --dir=C:/Users/rama_/AppData/Local/Temp/alt9745_4383227040093410067.dir/0031_RAM0_gen/ --quartus_dir=C:/intelfpga_lite/18.1/quartus --verilog --config=C:/Users/rama_/AppData/Local/Temp/alt9745_4383227040093410067.dir/0031_RAM0_gen//lab1_RAM0_component_configuration.pl  --do_build_sim=0  ]
Info: RAM0: Done RTL generation for module 'lab1_RAM0'
Info: RAM0: "lab1" instantiated altera_avalon_onchip_memory2 "RAM0"
Info: Switch: Starting RTL generation for module 'lab1_Switch'
Info: Switch:   Generation command is [exec C:/intelfpga_lite/18.1/quartus/bin64/perl/bin/perl.exe -I C:/intelfpga_lite/18.1/quartus/bin64/perl/lib -I C:/intelfpga_lite/18.1/quartus/sopc_builder/bin/europa -I C:/intelfpga_lite/18.1/quartus/sopc_builder/bin/perl_lib -I C:/intelfpga_lite/18.1/quartus/sopc_builder/bin -I C:/intelfpga_lite/18.1/quartus/../ip/altera/sopc_builder_ip/common -I C:/intelfpga_lite/18.1/quartus/../ip/altera/sopc_builder_ip/altera_avalon_pio -- C:/intelfpga_lite/18.1/quartus/../ip/altera/sopc_builder_ip/altera_avalon_pio/generate_rtl.pl --name=lab1_Switch --dir=C:/Users/rama_/AppData/Local/Temp/alt9745_4383227040093410067.dir/0032_Switch_gen/ --quartus_dir=C:/intelfpga_lite/18.1/quartus --verilog --config=C:/Users/rama_/AppData/Local/Temp/alt9745_4383227040093410067.dir/0032_Switch_gen//lab1_Switch_component_configuration.pl  --do_build_sim=0  ]
Info: Switch: Done RTL generation for module 'lab1_Switch'
Info: Switch: "lab1" instantiated altera_avalon_pio "Switch"
Info: jtag_uart_0: Starting RTL generation for module 'lab1_jtag_uart_0'
Info: jtag_uart_0:   Generation command is [exec C:/intelfpga_lite/18.1/quartus/bin64/perl/bin/perl.exe -I C:/intelfpga_lite/18.1/quartus/bin64/perl/lib -I C:/intelfpga_lite/18.1/quartus/sopc_builder/bin/europa -I C:/intelfpga_lite/18.1/quartus/sopc_builder/bin/perl_lib -I C:/intelfpga_lite/18.1/quartus/sopc_builder/bin -I C:/intelfpga_lite/18.1/quartus/../ip/altera/sopc_builder_ip/common -I C:/intelfpga_lite/18.1/quartus/../ip/altera/sopc_builder_ip/altera_avalon_jtag_uart -- C:/intelfpga_lite/18.1/quartus/../ip/altera/sopc_builder_ip/altera_avalon_jtag_uart/generate_rtl.pl --name=lab1_jtag_uart_0 --dir=C:/Users/rama_/AppData/Local/Temp/alt9745_4383227040093410067.dir/0033_jtag_uart_0_gen/ --quartus_dir=C:/intelfpga_lite/18.1/quartus --verilog --config=C:/Users/rama_/AppData/Local/Temp/alt9745_4383227040093410067.dir/0033_jtag_uart_0_gen//lab1_jtag_uart_0_component_configuration.pl  --do_build_sim=0  ]
Info: jtag_uart_0: Done RTL generation for module 'lab1_jtag_uart_0'
Info: jtag_uart_0: "lab1" instantiated altera_avalon_jtag_uart "jtag_uart_0"
Info: nios2_gen2_0: "lab1" instantiated altera_nios2_gen2 "nios2_gen2_0"
Info: avalon_st_adapter: Inserting error_adapter: error_adapter_0
Info: avalon_st_adapter_001: Inserting error_adapter: error_adapter_0
Info: avalon_st_adapter_002: Inserting error_adapter: error_adapter_0
Info: avalon_st_adapter_003: Inserting error_adapter: error_adapter_0
Info: avalon_st_adapter_004: Inserting error_adapter: error_adapter_0
Info: avalon_st_adapter_005: Inserting error_adapter: error_adapter_0
Info: mm_interconnect_0: "lab1" instantiated altera_mm_interconnect "mm_interconnect_0"
Info: irq_mapper: "lab1" instantiated altera_irq_mapper "irq_mapper"
Info: rst_controller: "lab1" instantiated altera_reset_controller "rst_controller"
Info: cpu: Starting RTL generation for module 'lab1_nios2_gen2_0_cpu'
Info: cpu:   Generation command is [exec C:/intelFPGA_lite/18.1/quartus/bin64//eperlcmd.exe -I C:/intelFPGA_lite/18.1/quartus/bin64//perl/lib -I C:/intelfpga_lite/18.1/quartus/sopc_builder/bin/europa -I C:/intelfpga_lite/18.1/quartus/sopc_builder/bin/perl_lib -I C:/intelfpga_lite/18.1/quartus/sopc_builder/bin -I C:/intelfpga_lite/18.1/quartus/../ip/altera/nios2_ip/altera_nios2_gen2/cpu_lib -I C:/intelfpga_lite/18.1/quartus/../ip/altera/nios2_ip/altera_nios2_gen2/nios_lib -I C:/intelfpga_lite/18.1/quartus/../ip/altera/nios2_ip/altera_nios2_gen2 -I C:/intelfpga_lite/18.1/quartus/../ip/altera/nios2_ip/altera_nios2_gen2 -- C:/intelfpga_lite/18.1/quartus/../ip/altera/nios2_ip/altera_nios2_gen2/generate_rtl.epl --name=lab1_nios2_gen2_0_cpu --dir=C:/Users/rama_/AppData/Local/Temp/alt9745_4383227040093410067.dir/0036_cpu_gen/ --quartus_bindir=C:/intelFPGA_lite/18.1/quartus/bin64/ --verilog --config=C:/Users/rama_/AppData/Local/Temp/alt9745_4383227040093410067.dir/0036_cpu_gen//lab1_nios2_gen2_0_cpu_processor_configuration.pl  --do_build_sim=0  ]
Info: cpu: # 2024.01.24 00:49:40 (*) Starting Nios II generation
Info: cpu: # 2024.01.24 00:49:40 (*)   Checking for plaintext license.
Info: cpu: # 2024.01.24 00:49:40 (*)   Couldn't query license setup in Quartus directory C:/intelFPGA_lite/18.1/quartus/bin64/
Info: cpu: # 2024.01.24 00:49:40 (*)   Defaulting to contents of LM_LICENSE_FILE environment variable
Info: cpu: # 2024.01.24 00:49:40 (*)   LM_LICENSE_FILE environment variable is empty
Info: cpu: # 2024.01.24 00:49:40 (*)   Plaintext license not found.
Info: cpu: # 2024.01.24 00:49:40 (*)   No license required to generate encrypted Nios II/e.
Info: cpu: # 2024.01.24 00:49:40 (*)   Elaborating CPU configuration settings
Info: cpu: # 2024.01.24 00:49:40 (*)   Creating all objects for CPU
Info: cpu: # 2024.01.24 00:49:41 (*)   Generating RTL from CPU objects
Info: cpu: # 2024.01.24 00:49:41 (*)   Creating plain-text RTL
Info: cpu: # 2024.01.24 00:49:41 (*) Done Nios II generation
Info: cpu: Done RTL generation for module 'lab1_nios2_gen2_0_cpu'
Info: cpu: "nios2_gen2_0" instantiated altera_nios2_gen2_unit "cpu"
Info: nios2_gen2_0_data_master_translator: "mm_interconnect_0" instantiated altera_merlin_master_translator "nios2_gen2_0_data_master_translator"
Info: jtag_uart_0_avalon_jtag_slave_translator: "mm_interconnect_0" instantiated altera_merlin_slave_translator "jtag_uart_0_avalon_jtag_slave_translator"
Info: nios2_gen2_0_data_master_agent: "mm_interconnect_0" instantiated altera_merlin_master_agent "nios2_gen2_0_data_master_agent"
Info: jtag_uart_0_avalon_jtag_slave_agent: "mm_interconnect_0" instantiated altera_merlin_slave_agent "jtag_uart_0_avalon_jtag_slave_agent"
Info: jtag_uart_0_avalon_jtag_slave_agent_rsp_fifo: "mm_interconnect_0" instantiated altera_avalon_sc_fifo "jtag_uart_0_avalon_jtag_slave_agent_rsp_fifo"
Info: router: "mm_interconnect_0" instantiated altera_merlin_router "router"
Info: router_001: "mm_interconnect_0" instantiated altera_merlin_router "router_001"
Info: router_002: "mm_interconnect_0" instantiated altera_merlin_router "router_002"
Info: router_003: "mm_interconnect_0" instantiated altera_merlin_router "router_003"
Info: cmd_demux: "mm_interconnect_0" instantiated altera_merlin_demultiplexer "cmd_demux"
Info: cmd_demux_001: "mm_interconnect_0" instantiated altera_merlin_demultiplexer "cmd_demux_001"
Info: cmd_mux: "mm_interconnect_0" instantiated altera_merlin_multiplexer "cmd_mux"
Info: cmd_mux_001: "mm_interconnect_0" instantiated altera_merlin_multiplexer "cmd_mux_001"
Info: Reusing file C:/Users/rama_/OneDrive/Documents/Dossier RAMA/Polytech Clermont-Ferrand/GE5A/Semestre 9/ESN11/lab1/lab1/synthesis/submodules/altera_merlin_arbitrator.sv
Info: rsp_demux: "mm_interconnect_0" instantiated altera_merlin_demultiplexer "rsp_demux"
Info: rsp_mux: "mm_interconnect_0" instantiated altera_merlin_multiplexer "rsp_mux"
Info: Reusing file C:/Users/rama_/OneDrive/Documents/Dossier RAMA/Polytech Clermont-Ferrand/GE5A/Semestre 9/ESN11/lab1/lab1/synthesis/submodules/altera_merlin_arbitrator.sv
Info: rsp_mux_001: "mm_interconnect_0" instantiated altera_merlin_multiplexer "rsp_mux_001"
Info: Reusing file C:/Users/rama_/OneDrive/Documents/Dossier RAMA/Polytech Clermont-Ferrand/GE5A/Semestre 9/ESN11/lab1/lab1/synthesis/submodules/altera_merlin_arbitrator.sv
Info: avalon_st_adapter: "mm_interconnect_0" instantiated altera_avalon_st_adapter "avalon_st_adapter"
Info: error_adapter_0: "avalon_st_adapter" instantiated error_adapter "error_adapter_0"
Info: lab1: Done "lab1" with 29 modules, 43 files
Info: qsys-generate succeeded.
Info: Finished: Create HDL design files for synthesis
